MPASM 5.87                          RAIZ.ASM   11-3-2020  17:51:51         PAGE  1


LOC  OBJECT CODE     LINE SOURCE TEXT
  VALUE

                      00001 #include "p16F628a.inc"    ;incluir librerias relacionadas con el dispositivo
                      00001         LIST
                      00002 
                      00003 ;==========================================================================
                      00004 ; Build date : Jan 06 2020
                      00005 ;  MPASM PIC16F628A processor include
                      00006 ; 
                      00007 ;  (c) Copyright 1999-2020 Microchip Technology, All rights reserved
                      00008 ;==========================================================================
                      00009 
Message[301]: MESSAGE: (Processor-header file mismatch.  Verify selected processor.)
                      00386         LIST
2007   3F19           00002  __CONFIG _FOSC_INTOSCCLK & _WDTE_OFF & _PWRTE_OFF & _MCLRE_OFF & _BOREN_OFF & _LVP_OFF & _CPD_OFF & _CP
                            _OFF    
                      00003 ;configuración del dispositivo todo en OFF y la frecuencia de oscilador
                      00004 ;es la del "reloj del oscilador interno" (INTOSCCLK)     
                      00005 RES_VECT  CODE    0x0000            ; processor reset vector
0000   2???           00006     GOTO    START                   ; go to beginning of program
                      00007 ; TODO ADD INTERRUPTS HERE IF USED
                      00008 MAIN_PROG CODE                      ; let linker place main program
                      00009 
  00000030            00010 resultado equ 0x30
  00000031            00011 lectura equ 0x31
  00000032            00012 contador equ 0x32
  00000033            00013 m equ 0x33
  00000034            00014 band equ 0x34
                      00015 
                      00016 ;inicio del programa:
0000                  00017 START
0000   3007           00018     MOVLW 0x07 ;Apagar comparadores
0001   009F           00019     MOVWF CMCON
0002   1303           00020     BCF STATUS, RP1 ;Cambiar al banco 1
0003   1683           00021     BSF STATUS, RP0
0004   30FF           00022     MOVLW b'11111111' ;Establecer puerto B como salida (los 8 bits del puerto)
Message[302]: Register in operand not in bank 0.  Ensure that bank bits are correct.
0005   0085           00023     MOVWF TRISA
0006   3000           00024     MOVLW b'00000000' ;Establecer puerto B como salida (los 8 bits del puerto)
Message[302]: Register in operand not in bank 0.  Ensure that bank bits are correct.
0007   0086           00025     MOVWF TRISB
0008   1283           00026     BCF STATUS, RP0 ;Regresar al banco 0
0009   2???           00027     GOTO INICIO
                      00028 
                      00029 ;Empezar
000A                  00030 INICIO
                      00031     ;Leemos el numero
000A   0805           00032     MOVFW PORTA
                      00033     ;MOVLW d'4'
000B   00B1           00034     MOVWF lectura
                      00035     ;Inicializamos contador en 1
000C   3000           00036     MOVLW d'0'
000D   00B2           00037     MOVWF contador
                      00038     
                      00039     ;Comprobar que no tengamos valor 0
MPASM 5.87                          RAIZ.ASM   11-3-2020  17:51:51         PAGE  2


LOC  OBJECT CODE     LINE SOURCE TEXT
  VALUE

000E   0831           00040     MOVFW lectura
000F   3A00           00041     XORLW d'0'
0010   00B4           00042     MOVWF band
                      00043     
0011   1834           00044     BTFSC band,0 ;Si es 0 salta a la siguiente instruccion
0012   2???           00045     GOTO CICLO
0013   18B4           00046     BTFSC band,1
0014   2???           00047     GOTO CICLO
0015   1934           00048     BTFSC band,2
0016   2???           00049     GOTO CICLO
0017   19B4           00050     BTFSC band,3
0018   2???           00051     GOTO CICLO
0019   1A34           00052     BTFSC band,4
001A   2???           00053     GOTO CICLO
001B   1AB4           00054     BTFSC band,5
001C   2???           00055     GOTO CICLO
001D   1B34           00056     BTFSC band,6
001E   2???           00057     GOTO CICLO
001F   1BB4           00058     BTFSC band,7
0020   2???           00059     GOTO CICLO
0021   2???           00060     GOTO FINAL
                      00061     
0022                  00062 CICLO
0022   0AB2           00063     INCF contador,1
                      00064     ;Inicializamos m en el valor que tenga contador
0023   0832           00065     MOVFW contador
0024   00B3           00066     MOVWF m
                      00067     ;Inicializamos W
0025   3000           00068     MOVLW d'0'
                      00069     ;Hacemos la multiplicacion
Warning[207]: Found label after column 1. (MULTI)
0026                  00070     MULTI
0026   0732           00071     ADDWF contador,0
Message[305]: Using default destination of 1 (file).
0027   0BB3           00072     DECFSZ m
0028   2???           00073     GOTO MULTI
                      00074     ;Almacenamos en resultado
0029   00B0           00075     MOVWF resultado
                      00076     
                      00077     ;Comprobar si son iguales
002A   0831           00078     MOVFW lectura
002B   0630           00079     XORWF resultado,0
002C   00B4           00080     MOVWF band
                      00081     
002D   1834           00082     BTFSC band,0 ;Si es 0 salta a la siguiente instruccion
002E   2???           00083     GOTO CICLO
002F   18B4           00084     BTFSC band,1
0030   2???           00085     GOTO CICLO
0031   1934           00086     BTFSC band,2
0032   2???           00087     GOTO CICLO
0033   19B4           00088     BTFSC band,3
0034   2???           00089     GOTO CICLO
0035   1A34           00090     BTFSC band,4
MPASM 5.87                          RAIZ.ASM   11-3-2020  17:51:51         PAGE  3


LOC  OBJECT CODE     LINE SOURCE TEXT
  VALUE

0036   2???           00091     GOTO CICLO
0037   1AB4           00092     BTFSC band,5
0038   2???           00093     GOTO CICLO
0039   1B34           00094     BTFSC band,6
003A   2???           00095     GOTO CICLO
003B   1BB4           00096     BTFSC band,7
003C   2???           00097     GOTO CICLO
                      00098     
                      00099     ;Imprimir en Proteus
Warning[207]: Found label after column 1. (FINAL)
003D                  00100     FINAL
003D   0832           00101     MOVFW contador ;Guardamos el valor de resultado en W
003E   0086           00102     MOVWF PORTB ;Mandamos al puerto B el valor de W / Resultado
                      00103     
Warning[205]: Found directive in column 1. (END)
3F19                  00104 END
MPASM 5.87                          RAIZ.ASM   11-3-2020  17:51:51         PAGE  4


SYMBOL TABLE
  LABEL                             VALUE 

ADDEN                             00000003
ADEN                              00000003
BRGH                              00000002
C                                 00000000
C1INV                             00000004
C1OUT                             00000006
C2INV                             00000005
C2OUT                             00000007
CCP1CON                           00000017
CCP1IE                            00000002
CCP1IF                            00000002
CCP1M0                            00000000
CCP1M1                            00000001
CCP1M2                            00000002
CCP1M3                            00000003
CCP1X                             00000005
CCP1Y                             00000004
CCPR1                             00000015
CCPR1H                            00000016
CCPR1L                            00000015
CICLO                             00000022
CIS                               00000003
CM0                               00000000
CM1                               00000001
CM2                               00000002
CMCON                             0000001F
CMIE                              00000006
CMIF                              00000006
CREN                              00000004
CSRC                              00000007
DATA_CP_OFF                       00003FFF
DATA_CP_ON                        00003EFF
DC                                00000001
EEADR                             0000009B
EECON1                            0000009C
EECON2                            0000009D
EEDATA                            0000009A
EEIE                              00000007
EEIF                              00000007
F                                 00000001
FERR                              00000002
FINAL                             0000003D
FSR                               00000004
GIE                               00000007
INDF                              00000000
INICIO                            0000000A
INTCON                            0000000B
INTE                              00000004
INTEDG                            00000006
INTF                              00000001
IRP                               00000007
MULTI                             00000026
NOT_BO                            00000000
MPASM 5.87                          RAIZ.ASM   11-3-2020  17:51:51         PAGE  5


SYMBOL TABLE
  LABEL                             VALUE 

NOT_BOD                           00000000
NOT_BOR                           00000000
NOT_PD                            00000003
NOT_POR                           00000001
NOT_RBPU                          00000007
NOT_T1SYNC                        00000002
NOT_TO                            00000004
OERR                              00000001
OPTION_REG                        00000081
OSCF                              00000003
PCL                               00000002
PCLATH                            0000000A
PCON                              0000008E
PEIE                              00000006
PIE1                              0000008C
PIR1                              0000000C
PORTA                             00000005
PORTB                             00000006
PR2                               00000092
PS0                               00000000
PS1                               00000001
PS2                               00000002
PSA                               00000003
RA0                               00000000
RA1                               00000001
RA2                               00000002
RA3                               00000003
RA4                               00000004
RA5                               00000005
RA6                               00000006
RA7                               00000007
RB0                               00000000
RB1                               00000001
RB2                               00000002
RB3                               00000003
RB4                               00000004
RB5                               00000005
RB6                               00000006
RB7                               00000007
RBIE                              00000003
RBIF                              00000000
RCIE                              00000005
RCIF                              00000005
RCREG                             0000001A
RCSTA                             00000018
RD                                00000000
RP0                               00000005
RP1                               00000006
RX9                               00000006
RX9D                              00000000
SPBRG                             00000099
SPEN                              00000007
SREN                              00000005
MPASM 5.87                          RAIZ.ASM   11-3-2020  17:51:51         PAGE  6


SYMBOL TABLE
  LABEL                             VALUE 

START                             00000000
STATUS                            00000003
SYNC                              00000004
T0CS                              00000005
T0IE                              00000005
T0IF                              00000002
T0SE                              00000004
T1CKPS0                           00000004
T1CKPS1                           00000005
T1CON                             00000010
T1OSCEN                           00000003
T2CKPS0                           00000000
T2CKPS1                           00000001
T2CON                             00000012
TMR0                              00000001
TMR0IE                            00000005
TMR0IF                            00000002
TMR1                              0000000E
TMR1CS                            00000001
TMR1H                             0000000F
TMR1IE                            00000000
TMR1IF                            00000000
TMR1L                             0000000E
TMR1ON                            00000000
TMR2                              00000011
TMR2IE                            00000001
TMR2IF                            00000001
TMR2ON                            00000002
TOUTPS0                           00000003
TOUTPS1                           00000004
TOUTPS2                           00000005
TOUTPS3                           00000006
TRISA                             00000085
TRISA0                            00000000
TRISA1                            00000001
TRISA2                            00000002
TRISA3                            00000003
TRISA4                            00000004
TRISA5                            00000005
TRISA6                            00000006
TRISA7                            00000007
TRISB                             00000086
TRISB0                            00000000
TRISB1                            00000001
TRISB2                            00000002
TRISB3                            00000003
TRISB4                            00000004
TRISB5                            00000005
TRISB6                            00000006
TRISB7                            00000007
TRMT                              00000001
TX9                               00000006
TX9D                              00000000
MPASM 5.87                          RAIZ.ASM   11-3-2020  17:51:51         PAGE  7


SYMBOL TABLE
  LABEL                             VALUE 

TXEN                              00000005
TXIE                              00000004
TXIF                              00000004
TXREG                             00000019
TXSTA                             00000098
VR0                               00000000
VR1                               00000001
VR2                               00000002
VR3                               00000003
VRCON                             0000009F
VREN                              00000007
VROE                              00000006
VRR                               00000005
W                                 00000000
WR                                00000001
WREN                              00000002
WRERR                             00000003
Z                                 00000002
_BODEN_OFF                        00003FBF
_BODEN_ON                         00003FFF
_BOREN_OFF                        00003FBF
_BOREN_ON                         00003FFF
_CONFIG                           00002007
_CPD_OFF                          00003FFF
_CPD_ON                           00003EFF
_CP_OFF                           00003FFF
_CP_ON                            00001FFF
_DEVID1                           00002006
_ER_OSC_CLKOUT                    00003FFF
_ER_OSC_NOCLKOUT                  00003FFE
_EXTCLK_OSC                       00003FEF
_FOSC_ECIO                        00003FEF
_FOSC_EXTRCCLK                    00003FFF
_FOSC_EXTRCIO                     00003FFE
_FOSC_HS                          00003FEE
_FOSC_INTOSCCLK                   00003FFD
_FOSC_INTOSCIO                    00003FFC
_FOSC_LP                          00003FEC
_FOSC_XT                          00003FED
_HS_OSC                           00003FEE
_IDLOC0                           00002000
_IDLOC1                           00002001
_IDLOC2                           00002002
_IDLOC3                           00002003
_INTOSC_OSC_CLKOUT                00003FFD
_INTOSC_OSC_NOCLKOUT              00003FFC
_INTRC_OSC_CLKOUT                 00003FFD
_INTRC_OSC_NOCLKOUT               00003FFC
_LP_OSC                           00003FEC
_LVP_OFF                          00003F7F
_LVP_ON                           00003FFF
_MCLRE_OFF                        00003FDF
_MCLRE_ON                         00003FFF
MPASM 5.87                          RAIZ.ASM   11-3-2020  17:51:51         PAGE  8


SYMBOL TABLE
  LABEL                             VALUE 

_PWRTE_OFF                        00003FFF
_PWRTE_ON                         00003FF7
_RC_OSC_CLKOUT                    00003FFF
_RC_OSC_NOCLKOUT                  00003FFE
_WDTE_OFF                         00003FFB
_WDTE_ON                          00003FFF
_WDT_OFF                          00003FFB
_WDT_ON                           00003FFF
_XT_OSC                           00003FED
__16F648A                         00000001
band                              00000034
contador                          00000032
lectura                           00000031
m                                 00000033
resultado                         00000030

Errors   :     0
Warnings :     3 reported,     0 suppressed
Messages :     4 reported,     0 suppressed

